<?xml version="1.0" encoding="UTF-8"?>
<!-- Generated by org.testng.reporters.JUnitReportReporter -->
<testsuite hostname="DELL-C0HKRC2" failures="0" tests="1" name="Edit.EducacionIt.Laboratorio2" time="11.438" errors="0" timestamp="2021-09-28T21:38:08 ART" skipped="0">
  <testcase classname="Edit.EducacionIt.Laboratorio2" name="registrarUsuario" time="11.438"/>
  <system-out/>
</testsuite> <!-- Edit.EducacionIt.Laboratorio2 -->
