<?xml version="1.0" encoding="UTF-8"?>
<!-- Generated by org.testng.reporters.JUnitReportReporter -->
<testsuite hostname="DELL-C0HKRC2" failures="0" tests="1" name="Edit.EducacionIt.Laboratorio3_Ejercicio1" time="6.124" errors="0" timestamp="2021-09-30T10:09:37 ART" skipped="0">
  <testcase classname="Edit.EducacionIt.Laboratorio3_Ejercicio1" name="registroUsuario" time="6.124"/>
  <system-out/>
</testsuite> <!-- Edit.EducacionIt.Laboratorio3_Ejercicio1 -->
