<?xml version="1.0" encoding="UTF-8"?>
<!-- Generated by org.testng.reporters.JUnitReportReporter -->
<testsuite hostname="DELL-C0HKRC2" failures="0" tests="4" name="Edit.EducacionIt.Laboratorio1" time="24.316" errors="0" timestamp="2021-09-28T21:38:08 ART" skipped="0">
  <testcase classname="Edit.EducacionIt.Laboratorio1" name="lab1_e2" time="12.105"/>
  <system-out/>
  <testcase classname="Edit.EducacionIt.Laboratorio1" name="lab1_e1" time="6.113"/>
  <system-out/>
  <testcase classname="Edit.EducacionIt.Laboratorio1" name="lab1_test" time="0.001"/>
  <system-out/>
  <testcase classname="Edit.EducacionIt.Laboratorio1" name="lab1_e3" time="6.097"/>
  <system-out/>
</testsuite> <!-- Edit.EducacionIt.Laboratorio1 -->
